<?xml version="1.0" encoding="UTF-8"?>
<!-- Generated by org.testng.reporters.JUnitXMLReporter -->
<testsuite hostname="admin-PC" ignored="0" name="自动化测试用例" tests="3" failures="1" timestamp="24 八月 2018 09:46:25 GMT" time="202.67" errors="0">
  <testcase name="testLogin" time="55.468" classname="testCase.crm.login.TestLogin"/>
  <testcase name="testLogout" time="15.456" classname="testCase.crm.login.TestLogout">
    <skipped/>
  </testcase> <!-- testLogout -->
  <testcase name="testLogout" time="15.322" classname="testCase.crm.login.TestLogout">
    <failure type="java.lang.AssertionError" message="expected [] but found [Login]">
      <![CDATA[java.lang.AssertionError: expected [] but found [Login]
at pageObject.TestBase.assertEquals(TestBase.java:673)
at testCase.crm.login.TestLogout.testLogout(TestLogout.java:56)
... Removed 30 stack frames]]>
    </failure>
  </testcase> <!-- testLogout -->
</testsuite> <!-- 自动化测试用例 -->
